<?xml version="1.0" encoding="UTF-8"?>
<!-- Generated by org.testng.reporters.JUnitReportReporter -->
<testsuite skipped="0" hostname="DESKTOP-2IEME8E" name="script.CheckProductVersion" tests="1" failures="0" timestamp="09 Feb 2018 01:08:09 GMT" time="13.371" errors="0">
  <testcase name="testProductVersion" time="13.371" classname="script.CheckProductVersion"/>
</testsuite> <!-- script.CheckProductVersion -->
