<?xml version="1.0" encoding="UTF-8"?>
<!-- Generated by org.testng.reporters.JUnitReportReporter -->
<testsuite skipped="0" hostname="DESKTOP-2IEME8E" name="script.Demo" tests="2" failures="0" timestamp="07 Feb 2018 18:38:33 GMT" time="40.799" errors="0">
  <testcase name="testA" time="14.928" classname="script.Demo"/>
  <testcase name="testB" time="25.871" classname="script.Demo"/>
</testsuite> <!-- script.Demo -->
