<?xml version="1.0" encoding="UTF-8"?>
<!-- Generated by org.testng.reporters.JUnitReportReporter -->
<testsuite skipped="2" hostname="DESKTOP-2IEME8E" name="script.ValidLogin" tests="2" failures="0" timestamp="22 Feb 2018 18:33:04 GMT" time="0.000" errors="0">
  <testcase name="testValidLogin" time="0.000" classname="script.ValidLogin">
    <skipped/>
  </testcase> <!-- testValidLogin -->
  <testcase name="testValidLogin" time="0.000" classname="script.ValidLogin">
    <skipped/>
  </testcase> <!-- testValidLogin -->
</testsuite> <!-- script.ValidLogin -->
