<?xml version="1.0" encoding="UTF-8"?>
<!-- Generated by org.testng.reporters.JUnitReportReporter -->
<testsuite skipped="0" hostname="DESKTOP-2IEME8E" name="script.InvalidLogin" tests="1" failures="0" timestamp="22 Feb 2018 18:01:37 GMT" time="17.673" errors="0">
  <testcase name="testInvalidLogin" time="17.673" classname="script.InvalidLogin"/>
</testsuite> <!-- script.InvalidLogin -->
